This file contains any messages produced by compilers while
running configure, to aid debugging if configure makes a mistake.

It was created by Ellipsis3D configure 1.0.0, which was
generated by GNU Autoconf 2.61.  Invocation command line was

  $ ./configure CFLAGS=-arch i386 -O2 -pipe

## --------- ##
## Platform. ##
## --------- ##

hostname = Patrices-MacBook-Pro-Retina.local
uname -m = x86_64
uname -r = 12.3.0
uname -s = Darwin
uname -v = Darwin Kernel Version 12.3.0: Sun Jan  6 22:37:10 PST 2013; root:xnu-2050.22.13~1/RELEASE_X86_64

/usr/bin/uname -p = i386
/bin/uname -X     = unknown

/bin/arch              = unknown
/usr/bin/arch -k       = unknown
/usr/convex/getsysinfo = unknown
/usr/bin/hostinfo      = Mach kernel version:
	 Darwin Kernel Version 12.3.0: Sun Jan  6 22:37:10 PST 2013; root:xnu-2050.22.13~1/RELEASE_X86_64
Kernel configured for up to 8 processors.
4 processors are physically available.
8 processors are logically available.
Processor type: i486 (Intel 80486)
Processors active: 0 1 2 3 4 5 6 7
Primary memory available: 16.00 gigabytes
Default processor set: 109 tasks, 593 threads, 8 processors
Load average: 0.60, Mach factor: 7.39
/bin/machine           = unknown
/usr/bin/oslevel       = unknown
/bin/universe          = unknown

PATH: /usr/bin
PATH: /bin
PATH: /usr/sbin
PATH: /sbin
PATH: /usr/local/bin


## ----------- ##
## Core tests. ##
## ----------- ##

configure:1774: checking for a BSD-compatible install
configure:1830: result: /usr/bin/install -c
configure:1841: checking whether build environment is sane
configure:1884: result: yes
configure:1949: checking for gawk
configure:1979: result: no
configure:1949: checking for mawk
configure:1979: result: no
configure:1949: checking for nawk
configure:1979: result: no
configure:1949: checking for awk
configure:1965: found /usr/bin/awk
configure:1976: result: awk
configure:1987: checking whether make sets $(MAKE)
configure:2008: result: yes
configure:2242: checking for gcc
configure:2258: found /usr/bin/gcc
configure:2269: result: gcc
configure:2507: checking for C compiler version
configure:2514: gcc --version >&5
i686-apple-darwin11-llvm-gcc-4.2 (GCC) 4.2.1 (Based on Apple Inc. build 5658) (LLVM build 2336.11.00)
Copyright (C) 2007 Free Software Foundation, Inc.
This is free software; see the source for copying conditions.  There is NO
warranty; not even for MERCHANTABILITY or FITNESS FOR A PARTICULAR PURPOSE.

configure:2517: $? = 0
configure:2524: gcc -v >&5
Using built-in specs.
Target: i686-apple-darwin11
Configured with: /private/var/tmp/llvmgcc42/llvmgcc42-2336.11~182/src/configure --disable-checking --enable-werror --prefix=/Applications/Xcode.app/Contents/Developer/usr/llvm-gcc-4.2 --mandir=/share/man --enable-languages=c,objc,c++,obj-c++ --program-prefix=llvm- --program-transform-name=/^[cg][^.-]*$/s/$/-4.2/ --with-slibdir=/usr/lib --build=i686-apple-darwin11 --enable-llvm=/private/var/tmp/llvmgcc42/llvmgcc42-2336.11~182/dst-llvmCore/Developer/usr/local --program-prefix=i686-apple-darwin11- --host=x86_64-apple-darwin11 --target=i686-apple-darwin11 --with-gxx-include-dir=/usr/include/c++/4.2.1
Thread model: posix
gcc version 4.2.1 (Based on Apple Inc. build 5658) (LLVM build 2336.11.00)
configure:2527: $? = 0
configure:2534: gcc -V >&5
llvm-gcc-4.2: argument to `-V' is missing
configure:2537: $? = 1
configure:2560: checking for C compiler default output file name
configure:2587: gcc -arch i386 -O2 -pipe   conftest.c  >&5
configure:2590: $? = 0
configure:2628: result: a.out
configure:2645: checking whether the C compiler works
configure:2655: ./a.out
configure:2658: $? = 0
configure:2675: result: yes
configure:2682: checking whether we are cross compiling
configure:2684: result: no
configure:2687: checking for suffix of executables
configure:2694: gcc -o conftest -arch i386 -O2 -pipe   conftest.c  >&5
configure:2697: $? = 0
configure:2721: result: 
configure:2727: checking for suffix of object files
configure:2753: gcc -c -arch i386 -O2 -pipe  conftest.c >&5
configure:2756: $? = 0
configure:2779: result: o
configure:2783: checking whether we are using the GNU C compiler
configure:2812: gcc -c -arch i386 -O2 -pipe  conftest.c >&5
configure:2818: $? = 0
configure:2835: result: yes
configure:2840: checking whether gcc accepts -g
configure:2870: gcc -c -g  conftest.c >&5
configure:2876: $? = 0
configure:2975: result: yes
configure:2992: checking for gcc option to accept ISO C89
configure:3066: gcc  -c -arch i386 -O2 -pipe  conftest.c >&5
configure:3072: $? = 0
configure:3095: result: none needed
configure:3124: checking for style of include used by make
configure:3152: result: GNU
configure:3180: checking dependency style of gcc
configure:3270: result: gcc3
configure:3297: checking how to run the C preprocessor
configure:3337: gcc -E  conftest.c
configure:3343: $? = 0
configure:3374: gcc -E  conftest.c
conftest.c:10:28: error: ac_nonexistent.h: No such file or directory
configure:3380: $? = 1
configure: failed program was:
| /* confdefs.h.  */
| #define PACKAGE_NAME "Ellipsis3D"
| #define PACKAGE_TARNAME "Ellipsis3D"
| #define PACKAGE_VERSION "1.0.0"
| #define PACKAGE_STRING "Ellipsis3D 1.0.0"
| #define PACKAGE_BUGREPORT "cig-mc@geodynamics.org"
| #define PACKAGE "Ellipsis3D"
| #define VERSION "1.0.0"
| /* end confdefs.h.  */
| #include <ac_nonexistent.h>
configure:3413: result: gcc -E
configure:3442: gcc -E  conftest.c
configure:3448: $? = 0
configure:3479: gcc -E  conftest.c
conftest.c:10:28: error: ac_nonexistent.h: No such file or directory
configure:3485: $? = 1
configure: failed program was:
| /* confdefs.h.  */
| #define PACKAGE_NAME "Ellipsis3D"
| #define PACKAGE_TARNAME "Ellipsis3D"
| #define PACKAGE_VERSION "1.0.0"
| #define PACKAGE_STRING "Ellipsis3D 1.0.0"
| #define PACKAGE_BUGREPORT "cig-mc@geodynamics.org"
| #define PACKAGE "Ellipsis3D"
| #define VERSION "1.0.0"
| /* end confdefs.h.  */
| #include <ac_nonexistent.h>
configure:3523: checking for grep that handles long lines and -e
configure:3597: result: /usr/bin/grep
configure:3602: checking for egrep
configure:3680: result: /usr/bin/grep -E
configure:3685: checking for ANSI C header files
configure:3715: gcc -c -arch i386 -O2 -pipe  conftest.c >&5
configure:3721: $? = 0
configure:3820: gcc -o conftest -arch i386 -O2 -pipe   conftest.c  >&5
configure:3823: $? = 0
configure:3829: ./conftest
configure:3832: $? = 0
configure:3849: result: yes
configure:3873: checking for sys/types.h
configure:3894: gcc -c -arch i386 -O2 -pipe  conftest.c >&5
configure:3900: $? = 0
configure:3916: result: yes
configure:3873: checking for sys/stat.h
configure:3894: gcc -c -arch i386 -O2 -pipe  conftest.c >&5
configure:3900: $? = 0
configure:3916: result: yes
configure:3873: checking for stdlib.h
configure:3894: gcc -c -arch i386 -O2 -pipe  conftest.c >&5
configure:3900: $? = 0
configure:3916: result: yes
configure:3873: checking for string.h
configure:3894: gcc -c -arch i386 -O2 -pipe  conftest.c >&5
configure:3900: $? = 0
configure:3916: result: yes
configure:3873: checking for memory.h
configure:3894: gcc -c -arch i386 -O2 -pipe  conftest.c >&5
configure:3900: $? = 0
configure:3916: result: yes
configure:3873: checking for strings.h
configure:3894: gcc -c -arch i386 -O2 -pipe  conftest.c >&5
configure:3900: $? = 0
configure:3916: result: yes
configure:3873: checking for inttypes.h
configure:3894: gcc -c -arch i386 -O2 -pipe  conftest.c >&5
configure:3900: $? = 0
configure:3916: result: yes
configure:3873: checking for stdint.h
configure:3894: gcc -c -arch i386 -O2 -pipe  conftest.c >&5
configure:3900: $? = 0
configure:3916: result: yes
configure:3873: checking for unistd.h
configure:3894: gcc -c -arch i386 -O2 -pipe  conftest.c >&5
configure:3900: $? = 0
configure:3916: result: yes
configure:3952: checking malloc.h usability
configure:3969: gcc -c -arch i386 -O2 -pipe  conftest.c >&5
conftest.c:53:20: error: malloc.h: No such file or directory
configure:3975: $? = 1
configure: failed program was:
| /* confdefs.h.  */
| #define PACKAGE_NAME "Ellipsis3D"
| #define PACKAGE_TARNAME "Ellipsis3D"
| #define PACKAGE_VERSION "1.0.0"
| #define PACKAGE_STRING "Ellipsis3D 1.0.0"
| #define PACKAGE_BUGREPORT "cig-mc@geodynamics.org"
| #define PACKAGE "Ellipsis3D"
| #define VERSION "1.0.0"
| #define STDC_HEADERS 1
| #define HAVE_SYS_TYPES_H 1
| #define HAVE_SYS_STAT_H 1
| #define HAVE_STDLIB_H 1
| #define HAVE_STRING_H 1
| #define HAVE_MEMORY_H 1
| #define HAVE_STRINGS_H 1
| #define HAVE_INTTYPES_H 1
| #define HAVE_STDINT_H 1
| #define HAVE_UNISTD_H 1
| /* end confdefs.h.  */
| #include <stdio.h>
| #ifdef HAVE_SYS_TYPES_H
| # include <sys/types.h>
| #endif
| #ifdef HAVE_SYS_STAT_H
| # include <sys/stat.h>
| #endif
| #ifdef STDC_HEADERS
| # include <stdlib.h>
| # include <stddef.h>
| #else
| # ifdef HAVE_STDLIB_H
| #  include <stdlib.h>
| # endif
| #endif
| #ifdef HAVE_STRING_H
| # if !defined STDC_HEADERS && defined HAVE_MEMORY_H
| #  include <memory.h>
| # endif
| # include <string.h>
| #endif
| #ifdef HAVE_STRINGS_H
| # include <strings.h>
| #endif
| #ifdef HAVE_INTTYPES_H
| # include <inttypes.h>
| #endif
| #ifdef HAVE_STDINT_H
| # include <stdint.h>
| #endif
| #ifdef HAVE_UNISTD_H
| # include <unistd.h>
| #endif
| #include <malloc.h>
configure:3989: result: no
configure:3993: checking malloc.h presence
configure:4008: gcc -E  conftest.c
conftest.c:20:20: error: malloc.h: No such file or directory
configure:4014: $? = 1
configure: failed program was:
| /* confdefs.h.  */
| #define PACKAGE_NAME "Ellipsis3D"
| #define PACKAGE_TARNAME "Ellipsis3D"
| #define PACKAGE_VERSION "1.0.0"
| #define PACKAGE_STRING "Ellipsis3D 1.0.0"
| #define PACKAGE_BUGREPORT "cig-mc@geodynamics.org"
| #define PACKAGE "Ellipsis3D"
| #define VERSION "1.0.0"
| #define STDC_HEADERS 1
| #define HAVE_SYS_TYPES_H 1
| #define HAVE_SYS_STAT_H 1
| #define HAVE_STDLIB_H 1
| #define HAVE_STRING_H 1
| #define HAVE_MEMORY_H 1
| #define HAVE_STRINGS_H 1
| #define HAVE_INTTYPES_H 1
| #define HAVE_STDINT_H 1
| #define HAVE_UNISTD_H 1
| /* end confdefs.h.  */
| #include <malloc.h>
configure:4028: result: no
configure:4061: checking for malloc.h
configure:4069: result: no
configure:3952: checking rpc/rpc.h usability
configure:3969: gcc -c -arch i386 -O2 -pipe  conftest.c >&5
configure:3975: $? = 0
configure:3989: result: yes
configure:3993: checking rpc/rpc.h presence
configure:4008: gcc -E  conftest.c
configure:4014: $? = 0
configure:4028: result: yes
configure:4061: checking for rpc/rpc.h
configure:4069: result: yes
configure:3942: checking for stdlib.h
configure:3948: result: yes
configure:3942: checking for string.h
configure:3948: result: yes
configure:3942: checking for strings.h
configure:3948: result: yes
configure:3952: checking sys/resource.h usability
configure:3969: gcc -c -arch i386 -O2 -pipe  conftest.c >&5
configure:3975: $? = 0
configure:3989: result: yes
configure:3993: checking sys/resource.h presence
configure:4008: gcc -E  conftest.c
configure:4014: $? = 0
configure:4028: result: yes
configure:4061: checking for sys/resource.h
configure:4069: result: yes
configure:3952: checking sys/time.h usability
configure:3969: gcc -c -arch i386 -O2 -pipe  conftest.c >&5
configure:3975: $? = 0
configure:3989: result: yes
configure:3993: checking sys/time.h presence
configure:4008: gcc -E  conftest.c
configure:4014: $? = 0
configure:4028: result: yes
configure:4061: checking for sys/time.h
configure:4069: result: yes
configure:3952: checking sys/times.h usability
configure:3969: gcc -c -arch i386 -O2 -pipe  conftest.c >&5
configure:3975: $? = 0
configure:3989: result: yes
configure:3993: checking sys/times.h presence
configure:4008: gcc -E  conftest.c
configure:4014: $? = 0
configure:4028: result: yes
configure:4061: checking for sys/times.h
configure:4069: result: yes
configure:3952: checking time.h usability
configure:3969: gcc -c -arch i386 -O2 -pipe  conftest.c >&5
configure:3975: $? = 0
configure:3989: result: yes
configure:3993: checking time.h presence
configure:4008: gcc -E  conftest.c
configure:4014: $? = 0
configure:4028: result: yes
configure:4061: checking for time.h
configure:4069: result: yes
configure:3942: checking for unistd.h
configure:3948: result: yes
configure:4086: checking for rpc/xdr.h
configure:4110: gcc -c -arch i386 -O2 -pipe  conftest.c >&5
configure:4116: $? = 0
configure:4132: result: yes
configure:4145: checking for an ANSI C-conforming const
configure:4220: gcc -c -arch i386 -O2 -pipe  conftest.c >&5
configure:4226: $? = 0
configure:4241: result: yes
configure:4251: checking for size_t
configure:4281: gcc -c -arch i386 -O2 -pipe  conftest.c >&5
configure:4287: $? = 0
configure:4302: result: yes
configure:4314: checking return type of signal handlers
configure:4342: gcc -c -arch i386 -O2 -pipe  conftest.c >&5
conftest.c: In function 'main':
conftest.c:36: error: void value not ignored as it ought to be
configure:4348: $? = 1
configure: failed program was:
| /* confdefs.h.  */
| #define PACKAGE_NAME "Ellipsis3D"
| #define PACKAGE_TARNAME "Ellipsis3D"
| #define PACKAGE_VERSION "1.0.0"
| #define PACKAGE_STRING "Ellipsis3D 1.0.0"
| #define PACKAGE_BUGREPORT "cig-mc@geodynamics.org"
| #define PACKAGE "Ellipsis3D"
| #define VERSION "1.0.0"
| #define STDC_HEADERS 1
| #define HAVE_SYS_TYPES_H 1
| #define HAVE_SYS_STAT_H 1
| #define HAVE_STDLIB_H 1
| #define HAVE_STRING_H 1
| #define HAVE_MEMORY_H 1
| #define HAVE_STRINGS_H 1
| #define HAVE_INTTYPES_H 1
| #define HAVE_STDINT_H 1
| #define HAVE_UNISTD_H 1
| #define HAVE_RPC_RPC_H 1
| #define HAVE_STDLIB_H 1
| #define HAVE_STRING_H 1
| #define HAVE_STRINGS_H 1
| #define HAVE_SYS_RESOURCE_H 1
| #define HAVE_SYS_TIME_H 1
| #define HAVE_SYS_TIMES_H 1
| #define HAVE_TIME_H 1
| #define HAVE_UNISTD_H 1
| #define HAVE_RPC_XDR_H 1
| /* end confdefs.h.  */
| #include <sys/types.h>
| #include <signal.h>
| 
| int
| main ()
| {
| return *(signal (0, 0)) (0) == 1;
|   ;
|   return 0;
| }
configure:4363: result: void
configure:4373: checking for library containing sqrt
configure:4414: gcc -o conftest -arch i386 -O2 -pipe   conftest.c  >&5
conftest.c:38: warning: conflicting types for built-in function 'sqrt'
configure:4420: $? = 0
configure:4448: result: none required
configure:4462: checking for floor
configure:4518: gcc -o conftest -arch i386 -O2 -pipe   conftest.c  >&5
conftest.c:54: warning: conflicting types for built-in function 'floor'
configure:4524: $? = 0
configure:4542: result: yes
configure:4462: checking for pow
configure:4518: gcc -o conftest -arch i386 -O2 -pipe   conftest.c  >&5
conftest.c:55: warning: conflicting types for built-in function 'pow'
configure:4524: $? = 0
configure:4542: result: yes
configure:4462: checking for sqrt
configure:4518: gcc -o conftest -arch i386 -O2 -pipe   conftest.c  >&5
conftest.c:56: warning: conflicting types for built-in function 'sqrt'
configure:4524: $? = 0
configure:4542: result: yes
configure:4563: checking for getrusage
configure:4619: gcc -o conftest -arch i386 -O2 -pipe   conftest.c  >&5
configure:4625: $? = 0
configure:4643: result: yes
configure:4563: checking for times
configure:4619: gcc -o conftest -arch i386 -O2 -pipe   conftest.c  >&5
configure:4625: $? = 0
configure:4643: result: yes
configure:4653: checking for library containing xdrstdio_create
configure:4694: gcc -o conftest -arch i386 -O2 -pipe   conftest.c  >&5
configure:4700: $? = 0
configure:4728: result: none required
configure:4858: creating ./config.status

## ---------------------- ##
## Running config.status. ##
## ---------------------- ##

This file was extended by Ellipsis3D config.status 1.0.0, which was
generated by GNU Autoconf 2.61.  Invocation command line was

  CONFIG_FILES    = 
  CONFIG_HEADERS  = 
  CONFIG_LINKS    = 
  CONFIG_COMMANDS = 
  $ ./config.status 

on Patrices-MacBook-Pro-Retina.local

config.status:633: creating Makefile
config.status:633: creating config.h
config.status:870: config.h is unchanged
config.status:916: executing depfiles commands

## ---------------- ##
## Cache variables. ##
## ---------------- ##

ac_cv_c_compiler_gnu=yes
ac_cv_c_const=yes
ac_cv_env_CC_set=
ac_cv_env_CC_value=
ac_cv_env_CFLAGS_set=set
ac_cv_env_CFLAGS_value='-arch i386 -O2 -pipe'
ac_cv_env_CPPFLAGS_set=
ac_cv_env_CPPFLAGS_value=
ac_cv_env_CPP_set=
ac_cv_env_CPP_value=
ac_cv_env_LDFLAGS_set=
ac_cv_env_LDFLAGS_value=
ac_cv_env_LIBS_set=
ac_cv_env_LIBS_value=
ac_cv_env_build_alias_set=
ac_cv_env_build_alias_value=
ac_cv_env_host_alias_set=
ac_cv_env_host_alias_value=
ac_cv_env_target_alias_set=
ac_cv_env_target_alias_value=
ac_cv_func_floor=yes
ac_cv_func_getrusage=yes
ac_cv_func_pow=yes
ac_cv_func_sqrt=yes
ac_cv_func_times=yes
ac_cv_header_inttypes_h=yes
ac_cv_header_malloc_h=no
ac_cv_header_memory_h=yes
ac_cv_header_rpc_rpc_h=yes
ac_cv_header_rpc_xdr_h=yes
ac_cv_header_stdc=yes
ac_cv_header_stdint_h=yes
ac_cv_header_stdlib_h=yes
ac_cv_header_string_h=yes
ac_cv_header_strings_h=yes
ac_cv_header_sys_resource_h=yes
ac_cv_header_sys_stat_h=yes
ac_cv_header_sys_time_h=yes
ac_cv_header_sys_times_h=yes
ac_cv_header_sys_types_h=yes
ac_cv_header_time_h=yes
ac_cv_header_unistd_h=yes
ac_cv_objext=o
ac_cv_path_EGREP='/usr/bin/grep -E'
ac_cv_path_GREP=/usr/bin/grep
ac_cv_path_install='/usr/bin/install -c'
ac_cv_prog_AWK=awk
ac_cv_prog_CPP='gcc -E'
ac_cv_prog_ac_ct_CC=gcc
ac_cv_prog_cc_c89=
ac_cv_prog_cc_g=yes
ac_cv_prog_make_make_set=yes
ac_cv_search_sqrt='none required'
ac_cv_search_xdrstdio_create='none required'
ac_cv_type_signal=void
ac_cv_type_size_t=yes
am_cv_CC_dependencies_compiler_type=gcc3

## ----------------- ##
## Output variables. ##
## ----------------- ##

ACLOCAL='${SHELL} /Users/Patrice/Desktop/ellipsis3d_Patrice/aux-config/missing --run aclocal-1.9'
AMDEPBACKSLASH='\'
AMDEP_FALSE='#'
AMDEP_TRUE=''
AMTAR='${SHELL} /Users/Patrice/Desktop/ellipsis3d_Patrice/aux-config/missing --run tar'
AUTOCONF='${SHELL} /Users/Patrice/Desktop/ellipsis3d_Patrice/aux-config/missing --run autoconf'
AUTOHEADER='${SHELL} /Users/Patrice/Desktop/ellipsis3d_Patrice/aux-config/missing --run autoheader'
AUTOMAKE='${SHELL} /Users/Patrice/Desktop/ellipsis3d_Patrice/aux-config/missing --run automake-1.9'
AWK='awk'
CC='gcc'
CCDEPMODE='depmode=gcc3'
CFLAGS='-arch i386 -O2 -pipe'
CPP='gcc -E'
CPPFLAGS=''
CYGPATH_W='echo'
DEFS='-DHAVE_CONFIG_H'
DEPDIR='.deps'
ECHO_C='ECHO_N=''
ECHO_T=''
EGREP='/usr/bin/grep -E'
EXEEXT=''
GREP='/usr/bin/grep'
INSTALL_DATA='${INSTALL} -m 644'
INSTALL_PROGRAM='${INSTALL}'
INSTALL_SCRIPT='${INSTALL}'
INSTALL_STRIP_PROGRAM='${SHELL} $(install_sh) -c -s'
LDFLAGS=''
LIBOBJS=''
LIBS=''
LTLIBOBJS=''
MAKEINFO='${SHELL} /Users/Patrice/Desktop/ellipsis3d_Patrice/aux-config/missing --run makeinfo'
OBJEXT='o'
PACKAGE='Ellipsis3D'
PACKAGE_BUGREPORT='cig-mc@geodynamics.org'
PACKAGE_NAME='Ellipsis3D'
PACKAGE_STRING='Ellipsis3D 1.0.0'
PACKAGE_TARNAME='Ellipsis3D'
PACKAGE_VERSION='1.0.0'
PATH_SEPARATOR=':'
SET_MAKE=''
SHELL='/bin/sh'
STRIP=''
VERSION='1.0.0'
ac_ct_CC='gcc'
am__fastdepCC_FALSE='#'
am__fastdepCC_TRUE=''
am__include='include'
am__leading_dot='.'
am__quote=''
am__tar='${AMTAR} chof - "$$tardir"'
am__untar='${AMTAR} xf -'
bindir='${exec_prefix}/bin'
build_alias=''
datadir='${datarootdir}'
datarootdir='${prefix}/share'
docdir='${datarootdir}/doc/${PACKAGE_TARNAME}'
dvidir='${docdir}'
exec_prefix='${prefix}'
host_alias=''
htmldir='${docdir}'
includedir='${prefix}/include'
infodir='${datarootdir}/info'
install_sh='/Users/Patrice/Desktop/ellipsis3d_Patrice/aux-config/install-sh'
libdir='${exec_prefix}/lib'
libexecdir='${exec_prefix}/libexec'
localedir='${datarootdir}/locale'
localstatedir='${prefix}/var'
mandir='${datarootdir}/man'
mkdir_p='$(install_sh) -d'
oldincludedir='/usr/include'
pdfdir='${docdir}'
prefix='/usr/local'
program_transform_name='s,x,x,'
psdir='${docdir}'
sbindir='${exec_prefix}/sbin'
sharedstatedir='${prefix}/com'
sysconfdir='${prefix}/etc'
target_alias=''

## ----------- ##
## confdefs.h. ##
## ----------- ##

#define PACKAGE_NAME "Ellipsis3D"
#define PACKAGE_TARNAME "Ellipsis3D"
#define PACKAGE_VERSION "1.0.0"
#define PACKAGE_STRING "Ellipsis3D 1.0.0"
#define PACKAGE_BUGREPORT "cig-mc@geodynamics.org"
#define PACKAGE "Ellipsis3D"
#define VERSION "1.0.0"
#define STDC_HEADERS 1
#define HAVE_SYS_TYPES_H 1
#define HAVE_SYS_STAT_H 1
#define HAVE_STDLIB_H 1
#define HAVE_STRING_H 1
#define HAVE_MEMORY_H 1
#define HAVE_STRINGS_H 1
#define HAVE_INTTYPES_H 1
#define HAVE_STDINT_H 1
#define HAVE_UNISTD_H 1
#define HAVE_RPC_RPC_H 1
#define HAVE_STDLIB_H 1
#define HAVE_STRING_H 1
#define HAVE_STRINGS_H 1
#define HAVE_SYS_RESOURCE_H 1
#define HAVE_SYS_TIME_H 1
#define HAVE_SYS_TIMES_H 1
#define HAVE_TIME_H 1
#define HAVE_UNISTD_H 1
#define HAVE_RPC_XDR_H 1
#define RETSIGTYPE void
#define HAVE_FLOOR 1
#define HAVE_POW 1
#define HAVE_SQRT 1
#define HAVE_GETRUSAGE 1
#define HAVE_TIMES 1
#define HAVE_LIBXDR 1

configure: exit 0
